{"message":"linking with `cc` failed: exit status: 1","code":null,"level":"error","spans":[],"children":[{"message":"env -u IPHONEOS_DEPLOYMENT_TARGET -u TVOS_DEPLOYMENT_TARGET LC_ALL=\"C\" PATH=\"/opt/homebrew/Cellar/rust/1.74.0/lib/rustlib/aarch64-apple-darwin/bin:/Users/aj/opt/miniconda3/bin:/Users/aj/opt/miniconda3/condabin:/opt/homebrew/bin:/opt/homebrew/sbin:/usr/local/bin:/System/Cryptexes/App/usr/bin:/usr/bin:/bin:/usr/sbin:/sbin:/var/run/com.apple.security.cryptexd/codex.system/bootstrap/usr/local/bin:/var/run/com.apple.security.cryptexd/codex.system/bootstrap/usr/bin:/var/run/com.apple.security.cryptexd/codex.system/bootstrap/usr/appleinternal/bin:/Library/Apple/usr/bin\" VSLANG=\"1033\" ZERO_AR_DATE=\"1\" \"cc\" \"-arch\" \"arm64\" \"/var/folders/kd/lnp7l6c97yv1nqz4rw6b4r540000gn/T/rustcME1c5O/symbols.o\" \"/Users/aj/Documents/Personal_Project/RustOS/os/target/debug/deps/os-3a0181c26db7b7e5.43vm69tv1fobr5f6.rcgu.o\" \"-L\" \"/Users/aj/Documents/Personal_Project/RustOS/os/target/debug/deps\" \"-L\" \"/opt/homebrew/Cellar/rust/1.74.0/lib/rustlib/aarch64-apple-darwin/lib\" \"/opt/homebrew/Cellar/rust/1.74.0/lib/rustlib/aarch64-apple-darwin/lib/librustc_std_workspace_core-e93a54443537ded4.rlib\" \"/opt/homebrew/Cellar/rust/1.74.0/lib/rustlib/aarch64-apple-darwin/lib/libcore-4d238f748a2faabf.rlib\" \"/opt/homebrew/Cellar/rust/1.74.0/lib/rustlib/aarch64-apple-darwin/lib/libcompiler_builtins-5e1e78154b6d53a0.rlib\" \"-L\" \"/opt/homebrew/Cellar/rust/1.74.0/lib/rustlib/aarch64-apple-darwin/lib\" \"-o\" \"/Users/aj/Documents/Personal_Project/RustOS/os/target/debug/deps/os-3a0181c26db7b7e5\" \"-Wl,-dead_strip\" \"-nodefaultlibs\"","code":null,"level":"note","spans":[],"children":[],"rendered":null},{"message":"ld: Undefined symbols:\n  _main, referenced from:\n      <initial-undefines>\nclang: error: linker command failed with exit code 1 (use -v to see invocation)\n","code":null,"level":"note","spans":[],"children":[],"rendered":null}],"rendered":"\u001b[0m\u001b[1m\u001b[38;5;9merror\u001b[0m\u001b[0m\u001b[1m: linking with `cc` failed: exit status: 1\u001b[0m\n\u001b[0m  \u001b[0m\u001b[0m\u001b[1m\u001b[38;5;12m|\u001b[0m\n\u001b[0m  \u001b[0m\u001b[0m\u001b[1m\u001b[38;5;12m= \u001b[0m\u001b[0m\u001b[1mnote\u001b[0m\u001b[0m: env -u IPHONEOS_DEPLOYMENT_TARGET -u TVOS_DEPLOYMENT_TARGET LC_ALL=\"C\" PATH=\"/opt/homebrew/Cellar/rust/1.74.0/lib/rustlib/aarch64-apple-darwin/bin:/Users/aj/opt/miniconda3/bin:/Users/aj/opt/miniconda3/condabin:/opt/homebrew/bin:/opt/homebrew/sbin:/usr/local/bin:/System/Cryptexes/App/usr/bin:/usr/bin:/bin:/usr/sbin:/sbin:/var/run/com.apple.security.cryptexd/codex.system/bootstrap/usr/local/bin:/var/run/com.apple.security.cryptexd/codex.system/bootstrap/usr/bin:/var/run/com.apple.security.cryptexd/codex.system/bootstrap/usr/appleinternal/bin:/Library/Apple/usr/bin\" VSLANG=\"1033\" ZERO_AR_DATE=\"1\" \"cc\" \"-arch\" \"arm64\" \"/var/folders/kd/lnp7l6c97yv1nqz4rw6b4r540000gn/T/rustcME1c5O/symbols.o\" \"/Users/aj/Documents/Personal_Project/RustOS/os/target/debug/deps/os-3a0181c26db7b7e5.43vm69tv1fobr5f6.rcgu.o\" \"-L\" \"/Users/aj/Documents/Personal_Project/RustOS/os/target/debug/deps\" \"-L\" \"/opt/homebrew/Cellar/rust/1.74.0/lib/rustlib/aarch64-apple-darwin/lib\" \"/opt/homebrew/Cellar/rust/1.74.0/lib/rustlib/aarch64-apple-darwin/lib/librustc_std_workspace_core-e93a54443537ded4.rlib\" \"/opt/homebrew/Cellar/rust/1.74.0/lib/rustlib/aarch64-apple-darwin/lib/libcore-4d238f748a2faabf.rlib\" \"/opt/homebrew/Cellar/rust/1.74.0/lib/rustlib/aarch64-apple-darwin/lib/libcompiler_builtins-5e1e78154b6d53a0.rlib\" \"-L\" \"/opt/homebrew/Cellar/rust/1.74.0/lib/rustlib/aarch64-apple-darwin/lib\" \"-o\" \"/Users/aj/Documents/Personal_Project/RustOS/os/target/debug/deps/os-3a0181c26db7b7e5\" \"-Wl,-dead_strip\" \"-nodefaultlibs\"\u001b[0m\n\u001b[0m  \u001b[0m\u001b[0m\u001b[1m\u001b[38;5;12m= \u001b[0m\u001b[0m\u001b[1mnote\u001b[0m\u001b[0m: ld: Undefined symbols:\u001b[0m\n\u001b[0m            _main, referenced from:\u001b[0m\n\u001b[0m                <initial-undefines>\u001b[0m\n\u001b[0m          clang: error: linker command failed with exit code 1 (use -v to see invocation)\u001b[0m\n\u001b[0m          \u001b[0m\n\n"}
{"message":"aborting due to previous error","code":null,"level":"error","spans":[],"children":[],"rendered":"\u001b[0m\u001b[1m\u001b[38;5;9merror\u001b[0m\u001b[0m\u001b[1m: aborting due to previous error\u001b[0m\n\n"}
